<?xml version="1.0" encoding="UTF-8"?>
<!-- Generated by org.testng.reporters.JUnitXMLReporter -->
<testsuite hostname="bdc6-dx-9r31t72" ignored="3" name="Test" tests="2" failures="0" timestamp="27 Mar 2020 04:20:08 GMT" time="0.049" errors="0">
  <testcase name="HomePage" time="0.012" classname="demo.abc"/>
  <testcase name="login" time="0.003" classname="demo.abc"/>
  <testcase name="paymentpage" time="0.0" classname="demo.abc">
    <ignored/>
  </testcase> <!-- paymentpage -->
  <testcase name="f" time="0.0" classname="demo.NewTest">
    <ignored/>
  </testcase> <!-- f -->
  <testcase name="login" time="0.0" classname="demo.demomain">
    <ignored/>
  </testcase> <!-- login -->
</testsuite> <!-- Test -->
