<?xml version="1.0" encoding="UTF-8"?>
<testng-results skipped="0" failed="0" ignored="0" total="2" passed="2">
  <reporter-output>
  </reporter-output>
  <suite name="Default suite" duration-ms="66" started-at="2020-03-27T04:48:03Z" finished-at="2020-03-27T04:48:03Z">
    <groups>
    </groups>
    <test name="Default test" duration-ms="66" started-at="2020-03-27T04:48:03Z" finished-at="2020-03-27T04:48:03Z">
      <class name="demo3.NewTest">
        <test-method status="PASS" signature="beforeSuite()[pri:0, instance:demo3.NewTest@6d00a15d]" name="beforeSuite" is-config="true" duration-ms="25" started-at="2020-03-27T04:48:03Z" finished-at="2020-03-27T04:48:03Z">
          <reporter-output>
          </reporter-output>
        </test-method> <!-- beforeSuite -->
        <test-method status="PASS" signature="beforeTest()[pri:0, instance:demo3.NewTest@6d00a15d]" name="beforeTest" is-config="true" duration-ms="1" started-at="2020-03-27T04:48:03Z" finished-at="2020-03-27T04:48:03Z">
          <reporter-output>
          </reporter-output>
        </test-method> <!-- beforeTest -->
        <test-method status="PASS" signature="beforeClass()[pri:0, instance:demo3.NewTest@6d00a15d]" name="beforeClass" is-config="true" duration-ms="0" started-at="2020-03-27T04:48:03Z" finished-at="2020-03-27T04:48:03Z">
          <reporter-output>
          </reporter-output>
        </test-method> <!-- beforeClass -->
        <test-method status="PASS" signature="beforeMethod()[pri:0, instance:demo3.NewTest@6d00a15d]" name="beforeMethod" is-config="true" duration-ms="1" started-at="2020-03-27T04:48:03Z" finished-at="2020-03-27T04:48:03Z">
          <reporter-output>
          </reporter-output>
        </test-method> <!-- beforeMethod -->
        <test-method status="PASS" signature="home()[pri:0, instance:demo3.NewTest@6d00a15d]" name="home" duration-ms="9" started-at="2020-03-27T04:48:03Z" finished-at="2020-03-27T04:48:03Z">
          <reporter-output>
          </reporter-output>
        </test-method> <!-- home -->
        <test-method status="PASS" signature="afterMethod()[pri:0, instance:demo3.NewTest@6d00a15d]" name="afterMethod" is-config="true" duration-ms="0" started-at="2020-03-27T04:48:03Z" finished-at="2020-03-27T04:48:03Z">
          <reporter-output>
          </reporter-output>
        </test-method> <!-- afterMethod -->
        <test-method status="PASS" signature="beforeMethod()[pri:0, instance:demo3.NewTest@6d00a15d]" name="beforeMethod" is-config="true" duration-ms="1" started-at="2020-03-27T04:48:03Z" finished-at="2020-03-27T04:48:03Z">
          <reporter-output>
          </reporter-output>
        </test-method> <!-- beforeMethod -->
        <test-method status="PASS" signature="login()[pri:0, instance:demo3.NewTest@6d00a15d]" name="login" duration-ms="8" started-at="2020-03-27T04:48:03Z" finished-at="2020-03-27T04:48:03Z">
          <reporter-output>
          </reporter-output>
        </test-method> <!-- login -->
        <test-method status="PASS" signature="afterMethod()[pri:0, instance:demo3.NewTest@6d00a15d]" name="afterMethod" is-config="true" duration-ms="1" started-at="2020-03-27T04:48:03Z" finished-at="2020-03-27T04:48:03Z">
          <reporter-output>
          </reporter-output>
        </test-method> <!-- afterMethod -->
        <test-method status="PASS" signature="afterClass()[pri:0, instance:demo3.NewTest@6d00a15d]" name="afterClass" is-config="true" duration-ms="0" started-at="2020-03-27T04:48:03Z" finished-at="2020-03-27T04:48:03Z">
          <reporter-output>
          </reporter-output>
        </test-method> <!-- afterClass -->
        <test-method status="PASS" signature="afterTest()[pri:0, instance:demo3.NewTest@6d00a15d]" name="afterTest" is-config="true" duration-ms="0" started-at="2020-03-27T04:48:03Z" finished-at="2020-03-27T04:48:03Z">
          <reporter-output>
          </reporter-output>
        </test-method> <!-- afterTest -->
        <test-method status="PASS" signature="afterSuite()[pri:0, instance:demo3.NewTest@6d00a15d]" name="afterSuite" is-config="true" duration-ms="0" started-at="2020-03-27T04:48:04Z" finished-at="2020-03-27T04:48:04Z">
          <reporter-output>
          </reporter-output>
        </test-method> <!-- afterSuite -->
      </class> <!-- demo3.NewTest -->
    </test> <!-- Default test -->
  </suite> <!-- Default suite -->
</testng-results>
