<?xml version="1.0" encoding="UTF-8"?>
<testsuite xmlns:xsi="http://www.w3.org/2001/XMLSchema-instance" xsi:noNamespaceSchemaLocation="https://maven.apache.org/surefire/maven-surefire-plugin/xsd/surefire-test-report.xsd" name="runner.CucumberRunner" time="0.829" tests="1" errors="1" skipped="0" failures="0">
  <properties>
[...]
</properties>
  <testcase name="initializationError" classname="runner.CucumberRunner" time="0.036">
    <error message="Failed to parse resource at: file:///C:/Training/automation/src/test/resources/features/BackGround.feature" type="io.cucumber.core.gherkin.FeatureParserException">io.cucumber.core.gherkin.FeatureParserException: Failed to parse resource at: file:///C:/Training/automation/src/test/resources/features/BackGround.feature
Caused by: io.cucumber.core.gherkin.vintage.internal.gherkin.ParserException$CompositeParserException: 
Parser errors:
(24:1): expected: #EOF, #TableRow, #DocStringSeparator, #StepLine, #TagLine, #ScenarioLine, #ScenarioOutlineLine, #Comment, #Empty, got 'Background: User is Logged In'
</error>
    <system-err><![CDATA[Apr 02, 2020 10:07:39 AM io.cucumber.junit.Cucumber <init>
WARNING: By default Cucumber is running in --non-strict mode.
This default will change to --strict and --non-strict will be removed.
You can use --strict or @CucumberOptions(strict = true) to suppress this warning
]]></system-err>
  </testcase>
</testsuite>