<?xml version="1.0" encoding="UTF-8"?>
<testng-results skipped="0" failed="0" ignored="0" total="5" passed="5">
  <reporter-output>
  </reporter-output>
  <suite name="Suite" duration-ms="69" started-at="2020-03-27T04:30:51Z" finished-at="2020-03-27T04:30:51Z">
    <groups>
    </groups>
    <test name="Test" duration-ms="69" started-at="2020-03-27T04:30:51Z" finished-at="2020-03-27T04:30:51Z">
      <class name="Demo2.AIB">
        <test-method status="PASS" signature="AIB()[pri:0, instance:Demo2.AIB@215be6bb]" name="AIB" duration-ms="1" started-at="2020-03-27T04:30:51Z" finished-at="2020-03-27T04:30:51Z">
          <reporter-output>
          </reporter-output>
        </test-method> <!-- AIB -->
      </class> <!-- Demo2.AIB -->
      <class name="Demo2.NewTest">
        <test-method status="PASS" signature="NewTest()[pri:0, instance:Demo2.NewTest@32d992b2]" name="NewTest" duration-ms="1" started-at="2020-03-27T04:30:51Z" finished-at="2020-03-27T04:30:51Z">
          <reporter-output>
          </reporter-output>
        </test-method> <!-- NewTest -->
      </class> <!-- Demo2.NewTest -->
      <class name="Demo2.CCR">
        <test-method status="PASS" signature="CCR()[pri:0, instance:Demo2.CCR@50c87b21]" name="CCR" duration-ms="15" started-at="2020-03-27T04:30:51Z" finished-at="2020-03-27T04:30:51Z">
          <reporter-output>
          </reporter-output>
        </test-method> <!-- CCR -->
      </class> <!-- Demo2.CCR -->
      <class name="Demo2.EBS">
        <test-method status="PASS" signature="EBS()[pri:0, instance:Demo2.EBS@1810399e]" name="EBS" duration-ms="2" started-at="2020-03-27T04:30:51Z" finished-at="2020-03-27T04:30:51Z">
          <reporter-output>
          </reporter-output>
        </test-method> <!-- EBS -->
      </class> <!-- Demo2.EBS -->
      <class name="Demo2.PPSN">
        <test-method status="PASS" signature="PPSN()[pri:0, instance:Demo2.PPSN@5f375618]" name="PPSN" duration-ms="3" started-at="2020-03-27T04:30:51Z" finished-at="2020-03-27T04:30:51Z">
          <reporter-output>
          </reporter-output>
        </test-method> <!-- PPSN -->
      </class> <!-- Demo2.PPSN -->
    </test> <!-- Test -->
  </suite> <!-- Suite -->
</testng-results>
