<?xml version="1.0" encoding="UTF-8"?>
<!-- Generated by org.testng.reporters.JUnitXMLReporter -->
<testsuite hostname="bdc6-dx-9r31t72" ignored="0" name="Test" tests="5" failures="0" timestamp="27 Mar 2020 04:30:52 GMT" time="0.069" errors="0">
  <testcase name="CCR" time="0.015" classname="Demo2.CCR"/>
  <testcase name="PPSN" time="0.003" classname="Demo2.PPSN"/>
  <testcase name="EBS" time="0.002" classname="Demo2.EBS"/>
  <testcase name="NewTest" time="0.001" classname="Demo2.NewTest"/>
  <testcase name="AIB" time="0.001" classname="Demo2.AIB"/>
</testsuite> <!-- Test -->
