<?xml version="1.0" encoding="UTF-8"?>
<testng-results skipped="0" failed="0" ignored="0" total="1" passed="1">
  <reporter-output>
  </reporter-output>
  <suite name="Default suite" duration-ms="2177" started-at="2020-04-03T04:37:32Z" finished-at="2020-04-03T04:37:35Z">
    <groups>
      <group name="cucumber">
        <method signature="AbstractTestNGCucumberTests.feature(cucumber.api.testng.CucumberFeatureWrapper)[pri:0, instance:runner.CucumberRunnerTestng@192b07fd]" name="feature" class="cucumber.api.testng.AbstractTestNGCucumberTests"/>
      </group> <!-- cucumber -->
    </groups>
    <test name="Default test" duration-ms="2177" started-at="2020-04-03T04:37:32Z" finished-at="2020-04-03T04:37:35Z">
      <class name="runner.CucumberRunnerTestng">
        <test-method status="PASS" signature="setUpClass()[pri:0, instance:runner.CucumberRunnerTestng@192b07fd]" name="setUpClass" is-config="true" duration-ms="511" started-at="2020-04-03T04:37:32Z" finished-at="2020-04-03T04:37:33Z">
          <reporter-output>
          </reporter-output>
        </test-method> <!-- setUpClass -->
        <test-method status="PASS" signature="feature(cucumber.api.testng.CucumberFeatureWrapper)[pri:0, instance:runner.CucumberRunnerTestng@192b07fd]" name="feature" duration-ms="782" started-at="2020-04-03T04:37:33Z" description="Runs Cucumber Feature" data-provider="features" finished-at="2020-04-03T04:37:34Z">
          <params>
            <param index="0">
              <value>
                <![CDATA[Login]]>
              </value>
            </param>
          </params>
          <reporter-output>
          </reporter-output>
        </test-method> <!-- feature -->
        <test-method status="PASS" signature="tearDownClass()[pri:0, instance:runner.CucumberRunnerTestng@192b07fd]" name="tearDownClass" is-config="true" duration-ms="663" started-at="2020-04-03T04:37:34Z" finished-at="2020-04-03T04:37:35Z">
          <reporter-output>
          </reporter-output>
        </test-method> <!-- tearDownClass -->
      </class> <!-- runner.CucumberRunnerTestng -->
    </test> <!-- Default test -->
  </suite> <!-- Default suite -->
</testng-results>
